Using pre-set license
Built from '2020.3/staging' branch; Version is '2020.3.19f1 (68f137dc9bbe) revision 6877495'; Using compiler version '192528614'; Build Type 'Release'
OS: 'Windows 10 Home; OS build 19043.1237; Version 2009; 64bit' Language: 'en' Physical Memory: 16268 MB
BatchMode: 1, IsHumanControllingUs: 0, StartBugReporterOnCrash: 0, Is64bit: 1, IsPro: 0

COMMAND LINE ARGUMENTS:
C:\Program Files\Unity\Hub\Editor\2020.3.19f1\Editor\Unity.exe
-adb2
-batchMode
-noUpm
-name
AssetImportWorker0
-projectPath
C:/Users/dmitr/user/git/unity-tutor/my-ui
-logFile
Logs/AssetImportWorker0.log
-srvPort
63680
Successfully changed project path to: C:/Users/dmitr/user/git/unity-tutor/my-ui
C:/Users/dmitr/user/git/unity-tutor/my-ui
Using Asset Import Pipeline V2.
Refreshing native plugins compatible for Editor in 115.60 ms, found 2 plugins.
Preloading 0 native plugins for Editor in 0.00 ms.
Initialize engine version: 2020.3.19f1 (68f137dc9bbe)
[Subsystems] Discovering subsystems at path C:/Program Files/Unity/Hub/Editor/2020.3.19f1/Editor/Data/Resources/UnitySubsystems
[Subsystems] Discovering subsystems at path C:/Users/dmitr/user/git/unity-tutor/my-ui/Assets
GfxDevice: creating device client; threaded=0
Direct3D:
    Version:  Direct3D 11.0 [level 11.1]
    Renderer: NVIDIA GeForce GTX 1050 Ti (ID=0x1c8c)
    Vendor:   
    VRAM:     4021 MB
    Driver:   30.0.14.9613
Initialize mono
Mono path[0] = 'C:/Program Files/Unity/Hub/Editor/2020.3.19f1/Editor/Data/Managed'
Mono path[1] = 'C:/Program Files/Unity/Hub/Editor/2020.3.19f1/Editor/Data/MonoBleedingEdge/lib/mono/unityjit'
Mono config path = 'C:/Program Files/Unity/Hub/Editor/2020.3.19f1/Editor/Data/MonoBleedingEdge/etc'
Using monoOptions --debugger-agent=transport=dt_socket,embedding=1,server=y,suspend=n,address=127.0.0.1:56940
Begin MonoManager ReloadAssembly
Registering precompiled unity dll's ...
Register platform support module: C:/Program Files/Unity/Hub/Editor/2020.3.19f1/Editor/Data/PlaybackEngines/WindowsStandaloneSupport/UnityEditor.WindowsStandalone.Extensions.dll
Registered in 0.005256 seconds.
Native extension for WindowsStandalone target not found
Refreshing native plugins compatible for Editor in 69.54 ms, found 2 plugins.
Preloading 0 native plugins for Editor in 0.00 ms.
Mono: successfully reloaded assembly
- Completed reload, in  2.878 seconds
Domain Reload Profiling:
	ReloadAssembly (2879ms)
		BeginReloadAssembly (184ms)
			ExecutionOrderSort (0ms)
			DisableScriptedObjects (0ms)
			BackupInstance (0ms)
			ReleaseScriptingObjects (0ms)
			CreateAndSetChildDomain (2ms)
		EndReloadAssembly (1099ms)
			LoadAssemblies (176ms)
			RebuildTransferFunctionScriptingTraits (0ms)
			SetupTypeCache (392ms)
			ReleaseScriptCaches (0ms)
			RebuildScriptCaches (98ms)
			SetupLoadedEditorAssemblies (398ms)
				LogAssemblyErrors (0ms)
				InitializePlatformSupportModulesInManaged (9ms)
				SetLoadedEditorAssemblies (1ms)
				RefreshPlugins (70ms)
				BeforeProcessingInitializeOnLoad (35ms)
				ProcessInitializeOnLoadAttributes (213ms)
				ProcessInitializeOnLoadMethodAttributes (70ms)
				AfterProcessingInitializeOnLoad (0ms)
				EditorAssembliesLoaded (0ms)
			ExecutionOrderSort2 (0ms)
			AwakeInstancesAfterBackupRestoration (0ms)
Platform modules already initialized, skipping
Registering precompiled user dll's ...
Registered in 0.007907 seconds.
Begin MonoManager ReloadAssembly
Native extension for WindowsStandalone target not found
Refreshing native plugins compatible for Editor in 0.57 ms, found 2 plugins.
Preloading 0 native plugins for Editor in 0.00 ms.
Mono: successfully reloaded assembly
- Completed reload, in  2.759 seconds
Domain Reload Profiling:
	ReloadAssembly (2761ms)
		BeginReloadAssembly (402ms)
			ExecutionOrderSort (0ms)
			DisableScriptedObjects (13ms)
			BackupInstance (0ms)
			ReleaseScriptingObjects (0ms)
			CreateAndSetChildDomain (44ms)
		EndReloadAssembly (2159ms)
			LoadAssemblies (232ms)
			RebuildTransferFunctionScriptingTraits (0ms)
			SetupTypeCache (763ms)
			ReleaseScriptCaches (1ms)
			RebuildScriptCaches (115ms)
			SetupLoadedEditorAssemblies (826ms)
				LogAssemblyErrors (0ms)
				InitializePlatformSupportModulesInManaged (12ms)
				SetLoadedEditorAssemblies (1ms)
				RefreshPlugins (1ms)
				BeforeProcessingInitializeOnLoad (224ms)
				ProcessInitializeOnLoadAttributes (560ms)
				ProcessInitializeOnLoadMethodAttributes (13ms)
				AfterProcessingInitializeOnLoad (16ms)
				EditorAssembliesLoaded (1ms)
			ExecutionOrderSort2 (0ms)
			AwakeInstancesAfterBackupRestoration (16ms)
Platform modules already initialized, skipping
========================================================================
Worker process is ready to serve import requests
Launched and connected shader compiler UnityShaderCompiler.exe after 0.11 seconds
Refreshing native plugins compatible for Editor in 0.58 ms, found 2 plugins.
Preloading 0 native plugins for Editor in 0.00 ms.
Unloading 1397 Unused Serialized files (Serialized files now loaded: 0)
System memory in use before: 64.9 MB.
System memory in use after: 64.9 MB.

Unloading 16 unused Assets to reduce memory usage. Loaded Objects now: 1833.
Total: 6.649300 ms (FindLiveObjects: 0.420700 ms CreateObjectMapping: 0.110400 ms MarkObjects: 5.972000 ms  DeleteObjects: 0.143800 ms)

AssetImportParameters requested are different than current active one (requested -> active):
  custom:framework-win-MediaFoundation: 216162199b28c13a410421893ffa2e32 -> 
  custom:video-decoder-ogg-theora: a1e56fd34408186e4bbccfd4996cb3dc -> 
  custom:container-muxer-webm: aa71ff27fc2769a1b78a27578f13a17b -> 
  custom:container-demuxer-webm: 4f35f7cbe854078d1ac9338744f61a02 -> 
  custom:container-demuxer-ogg: 62fdf1f143b41e24485cea50d1cbac27 -> 
  custom:video-encoder-webm-vp8: eb34c28f22e8b96e1ab97ce403110664 -> 
  custom:video-decoder-webm-vp8: 9c59270c3fd7afecdb556c50c9e8de78 -> 
  custom:audio-decoder-ogg-vorbis: bf7c407c2cedff20999df2af8eb42d56 -> 
  custom:audio-encoder-webm-vorbis: bf7c407c2cedff20999df2af8eb42d56 -> 
========================================================================
Received Import Request.
  path: Assets/Scenes
  artifactKey: Guid(d475e4bfc9077aa429430585b4b51599) Importer(815301076,1909f56bfc062723c751e8b465ee728b)
Start importing Assets/Scenes using Guid(d475e4bfc9077aa429430585b4b51599) Importer(815301076,1909f56bfc062723c751e8b465ee728b)  -> (artifact id: '632b0c5ba53e05b0a3886cc22795acea') in 0.009002 seconds 
  Import took 0.014776 seconds .

========================================================================
Received Import Request.
  Time since last request: 5.098322 seconds.
  path: Assets/Scenes/New Scene.unity
  artifactKey: Guid(c224e2bca0fb8284b953f7cd3e5f251f) Importer(815301076,1909f56bfc062723c751e8b465ee728b)
Start importing Assets/Scenes/New Scene.unity using Guid(c224e2bca0fb8284b953f7cd3e5f251f) Importer(815301076,1909f56bfc062723c751e8b465ee728b)  -> (artifact id: 'a8fbddd500e3700172faba3ee056565a') in 0.022893 seconds 
  Import took 0.027693 seconds .

========================================================================
Received Import Request.
  Time since last request: 4.716470 seconds.
  path: Assets/Scenes/SampleScene.unity
  artifactKey: Guid(9fc0d4010bbf28b4594072e72b8655ab) Importer(815301076,1909f56bfc062723c751e8b465ee728b)
Start importing Assets/Scenes/SampleScene.unity using Guid(9fc0d4010bbf28b4594072e72b8655ab) Importer(815301076,1909f56bfc062723c751e8b465ee728b)  -> (artifact id: '3ec20572fce853834e9b1087043ce768') in 0.007280 seconds 
  Import took 0.014355 seconds .

========================================================================
Received Import Request.
  Time since last request: 46.874060 seconds.
  path: Assets/Scenes/ui-convas.prefab
  artifactKey: Guid(33565661403ae0a46885f97b7bb5c9d9) Importer(815301076,1909f56bfc062723c751e8b465ee728b)
Start importing Assets/Scenes/ui-convas.prefab using Guid(33565661403ae0a46885f97b7bb5c9d9) Importer(815301076,1909f56bfc062723c751e8b465ee728b)  -> (artifact id: '4d8f4c88559f7a0870ca0ee59fb8cf8a') in 0.211437 seconds 
  Import took 0.219359 seconds .

========================================================================
Received Import Request.
  Time since last request: 11.673412 seconds.
  path: Assets/Scenes/New Scene.unity
  artifactKey: Guid(c224e2bca0fb8284b953f7cd3e5f251f) Importer(815301076,1909f56bfc062723c751e8b465ee728b)
Start importing Assets/Scenes/New Scene.unity using Guid(c224e2bca0fb8284b953f7cd3e5f251f) Importer(815301076,1909f56bfc062723c751e8b465ee728b)  -> (artifact id: '8c82e3cb05eba709ce6eb3de6fb474c7') in 0.006100 seconds 
  Import took 0.013725 seconds .

========================================================================
Received Import Request.
  Time since last request: 2.258896 seconds.
  path: Assets/Scenes/New Scene.unity
  artifactKey: Guid(c224e2bca0fb8284b953f7cd3e5f251f) Importer(815301076,1909f56bfc062723c751e8b465ee728b)
Start importing Assets/Scenes/New Scene.unity using Guid(c224e2bca0fb8284b953f7cd3e5f251f) Importer(815301076,1909f56bfc062723c751e8b465ee728b)  -> (artifact id: '2ae285f098c45f122266500a563da2fe') in 0.007523 seconds 
  Import took 0.015487 seconds .

========================================================================
Received Import Request.
  Time since last request: 16.559204 seconds.
  path: Assets/Scenes/SampleScene.unity
  artifactKey: Guid(9fc0d4010bbf28b4594072e72b8655ab) Importer(815301076,1909f56bfc062723c751e8b465ee728b)
Start importing Assets/Scenes/SampleScene.unity using Guid(9fc0d4010bbf28b4594072e72b8655ab) Importer(815301076,1909f56bfc062723c751e8b465ee728b)  -> (artifact id: '83959a339231288ce3b372a649de2c55') in 0.007772 seconds 
  Import took 0.016520 seconds .

========================================================================
Received Import Request.
  Time since last request: 16.015514 seconds.
  path: Assets/Scenes/SampleScene.unity
  artifactKey: Guid(9fc0d4010bbf28b4594072e72b8655ab) Importer(815301076,1909f56bfc062723c751e8b465ee728b)
Start importing Assets/Scenes/SampleScene.unity using Guid(9fc0d4010bbf28b4594072e72b8655ab) Importer(815301076,1909f56bfc062723c751e8b465ee728b)  -> (artifact id: 'f1dca62e9c6f1e8a82129951d858e3f4') in 0.009716 seconds 
  Import took 0.018646 seconds .

========================================================================
Received Import Request.
  Time since last request: 87.497100 seconds.
  path: Assets/Scenes/New Scene.unity
  artifactKey: Guid(c224e2bca0fb8284b953f7cd3e5f251f) Importer(815301076,1909f56bfc062723c751e8b465ee728b)
Start importing Assets/Scenes/New Scene.unity using Guid(c224e2bca0fb8284b953f7cd3e5f251f) Importer(815301076,1909f56bfc062723c751e8b465ee728b)  -> (artifact id: 'a5993f01f03f4d435fa20f9fcd5f7e8b') in 0.007203 seconds 
  Import took 0.014654 seconds .

========================================================================
Received Import Request.
  Time since last request: 1.930875 seconds.
  path: Assets/Scenes/New Scene.unity
  artifactKey: Guid(c224e2bca0fb8284b953f7cd3e5f251f) Importer(815301076,1909f56bfc062723c751e8b465ee728b)
Start importing Assets/Scenes/New Scene.unity using Guid(c224e2bca0fb8284b953f7cd3e5f251f) Importer(815301076,1909f56bfc062723c751e8b465ee728b)  -> (artifact id: '00bffdac75f6dc3324114136823038c2') in 0.006527 seconds 
  Import took 0.013280 seconds .

========================================================================
Received Import Request.
  Time since last request: 1.202057 seconds.
  path: Assets/Scenes/SampleScene.unity
  artifactKey: Guid(9fc0d4010bbf28b4594072e72b8655ab) Importer(815301076,1909f56bfc062723c751e8b465ee728b)
Start importing Assets/Scenes/SampleScene.unity using Guid(9fc0d4010bbf28b4594072e72b8655ab) Importer(815301076,1909f56bfc062723c751e8b465ee728b)  -> (artifact id: '650567c3682030301557897b2d2cb17c') in 0.007434 seconds 
  Import took 0.015323 seconds .

========================================================================
Received Import Request.
  Time since last request: 42.227480 seconds.
  path: Assets/Scenes/SampleScene.unity
  artifactKey: Guid(9fc0d4010bbf28b4594072e72b8655ab) Importer(815301076,1909f56bfc062723c751e8b465ee728b)
Start importing Assets/Scenes/SampleScene.unity using Guid(9fc0d4010bbf28b4594072e72b8655ab) Importer(815301076,1909f56bfc062723c751e8b465ee728b)  -> (artifact id: '409914d9d592cea3a9676f5004c19187') in 0.007298 seconds 
  Import took 0.014271 seconds .

========================================================================
Received Import Request.
  Time since last request: 1.056777 seconds.
  path: Assets/Scenes/New Scene.unity
  artifactKey: Guid(c224e2bca0fb8284b953f7cd3e5f251f) Importer(815301076,1909f56bfc062723c751e8b465ee728b)
Start importing Assets/Scenes/New Scene.unity using Guid(c224e2bca0fb8284b953f7cd3e5f251f) Importer(815301076,1909f56bfc062723c751e8b465ee728b)  -> (artifact id: '24c6f10e215af4858c243e4013172cc4') in 0.006894 seconds 
  Import took 0.015528 seconds .

========================================================================
Received Import Request.
  Time since last request: 20.785632 seconds.
  path: Assets/Scenes/ui-convas.prefab
  artifactKey: Guid(33565661403ae0a46885f97b7bb5c9d9) Importer(815301076,1909f56bfc062723c751e8b465ee728b)
Start importing Assets/Scenes/ui-convas.prefab using Guid(33565661403ae0a46885f97b7bb5c9d9) Importer(815301076,1909f56bfc062723c751e8b465ee728b)  -> (artifact id: 'e083f04e8a82ce2fa2ad8069ccea31fc') in 0.013690 seconds 
  Import took 0.020476 seconds .

========================================================================
Received Import Request.
  Time since last request: 2.263474 seconds.
  path: Assets/Scenes/ui-convas.prefab
  artifactKey: Guid(33565661403ae0a46885f97b7bb5c9d9) Importer(815301076,1909f56bfc062723c751e8b465ee728b)
Start importing Assets/Scenes/ui-convas.prefab using Guid(33565661403ae0a46885f97b7bb5c9d9) Importer(815301076,1909f56bfc062723c751e8b465ee728b)  -> (artifact id: 'bb658ba75e763aa182ee6eeed93244f3') in 0.013053 seconds 
  Import took 0.019700 seconds .

========================================================================
Received Import Request.
  Time since last request: 71.530697 seconds.
  path: Assets/Scenes/ui-convas.prefab
  artifactKey: Guid(33565661403ae0a46885f97b7bb5c9d9) Importer(815301076,1909f56bfc062723c751e8b465ee728b)
Start importing Assets/Scenes/ui-convas.prefab using Guid(33565661403ae0a46885f97b7bb5c9d9) Importer(815301076,1909f56bfc062723c751e8b465ee728b)  -> (artifact id: '245c96e5d0fe1c8fe95a76dcf43f0195') in 0.017025 seconds 
  Import took 0.026227 seconds .

========================================================================
Received Import Request.
  Time since last request: 22.380860 seconds.
  path: Assets/Scenes/ui-convas.prefab
  artifactKey: Guid(33565661403ae0a46885f97b7bb5c9d9) Importer(815301076,1909f56bfc062723c751e8b465ee728b)
Start importing Assets/Scenes/ui-convas.prefab using Guid(33565661403ae0a46885f97b7bb5c9d9) Importer(815301076,1909f56bfc062723c751e8b465ee728b)  -> (artifact id: 'fcc1122452fa03e2c40019d0861667be') in 0.013407 seconds 
  Import took 0.020749 seconds .

========================================================================
Received Import Request.
  Time since last request: 2.594349 seconds.
  path: Assets/Scenes/SampleScene.unity
  artifactKey: Guid(9fc0d4010bbf28b4594072e72b8655ab) Importer(815301076,1909f56bfc062723c751e8b465ee728b)
Start importing Assets/Scenes/SampleScene.unity using Guid(9fc0d4010bbf28b4594072e72b8655ab) Importer(815301076,1909f56bfc062723c751e8b465ee728b)  -> (artifact id: '4c505e6006fe89d42bb6f1bf4b55f0ab') in 0.007405 seconds 
  Import took 0.015749 seconds .

========================================================================
Received Import Request.
  Time since last request: 1.618469 seconds.
  path: Assets/Scenes/New Scene.unity
  artifactKey: Guid(c224e2bca0fb8284b953f7cd3e5f251f) Importer(815301076,1909f56bfc062723c751e8b465ee728b)
Start importing Assets/Scenes/New Scene.unity using Guid(c224e2bca0fb8284b953f7cd3e5f251f) Importer(815301076,1909f56bfc062723c751e8b465ee728b)  -> (artifact id: '24cc4a714e80a3700cbff9a7e8c54fcf') in 0.007505 seconds 
  Import took 0.015475 seconds .

========================================================================
Received Import Request.
  Time since last request: 19.790554 seconds.
  path: Assets/Scenes/SampleScene.unity
  artifactKey: Guid(9fc0d4010bbf28b4594072e72b8655ab) Importer(815301076,1909f56bfc062723c751e8b465ee728b)
Start importing Assets/Scenes/SampleScene.unity using Guid(9fc0d4010bbf28b4594072e72b8655ab) Importer(815301076,1909f56bfc062723c751e8b465ee728b)  -> (artifact id: '016856f107813360d2f5e9d4a1491b05') in 0.007759 seconds 
  Import took 0.015621 seconds .

========================================================================
Received Import Request.
  Time since last request: 7.525515 seconds.
  path: Assets/Scenes/ui-convas.prefab
  artifactKey: Guid(33565661403ae0a46885f97b7bb5c9d9) Importer(815301076,1909f56bfc062723c751e8b465ee728b)
Start importing Assets/Scenes/ui-convas.prefab using Guid(33565661403ae0a46885f97b7bb5c9d9) Importer(815301076,1909f56bfc062723c751e8b465ee728b)  -> (artifact id: '53946c581b69524930327aa15408b306') in 0.014582 seconds 
  Import took 0.022075 seconds .

AssetImportWorkerClient::OnTransportError - code=2 error=End of file
